<?xml version="1.0" encoding="UTF-8"?>
<testng-results skipped="0" failed="0" ignored="0" total="2" passed="2">
  <reporter-output>
  </reporter-output>
  <suite name="Suite" duration-ms="21454" started-at="2018-07-18T06:33:49Z" finished-at="2018-07-18T06:34:10Z">
    <groups>
    </groups>
    <test name="Test1" duration-ms="16175" started-at="2018-07-18T06:33:49Z" finished-at="2018-07-18T06:34:05Z">
      <class name="com.test.Testing">
        <test-method status="PASS" signature="testLogin(java.lang.String)[pri:0, instance:com.test.Testing@1292071f]" name="testLogin" duration-ms="16104" started-at="2018-07-18T06:33:49Z" finished-at="2018-07-18T06:34:05Z">
          <params>
            <param index="0">
              <value>
                <![CDATA[chrome]]>
              </value>
            </param>
          </params>
          <reporter-output>
          </reporter-output>
        </test-method> <!-- testLogin -->
      </class> <!-- com.test.Testing -->
    </test> <!-- Test1 -->
    <test name="Test2" duration-ms="21453" started-at="2018-07-18T06:33:49Z" finished-at="2018-07-18T06:34:10Z">
      <class name="com.test.Testing">
        <test-method status="PASS" signature="testLogin(java.lang.String)[pri:0, instance:com.test.Testing@3a26ec8d]" name="testLogin" duration-ms="21387" started-at="2018-07-18T06:33:49Z" finished-at="2018-07-18T06:34:10Z">
          <params>
            <param index="0">
              <value>
                <![CDATA[firefox]]>
              </value>
            </param>
          </params>
          <reporter-output>
          </reporter-output>
        </test-method> <!-- testLogin -->
      </class> <!-- com.test.Testing -->
    </test> <!-- Test2 -->
  </suite> <!-- Suite -->
</testng-results>
